2026-02-22 08:08:13.982 [clientInboundChannel-4] DEBUG [] [] WEBSOCKET - WebSocket operation: userConnected started
2026-02-22 08:08:13.995 [clientInboundChannel-4] DEBUG [] [] WEBSOCKET - WebSocket operation: userConnected completed
2026-02-22 08:08:33.754 [clientInboundChannel-14] DEBUG [] [] WEBSOCKET - WebSocket operation: sendMessage started
2026-02-22 08:08:33.813 [clientInboundChannel-14] DEBUG [] [] WEBSOCKET - WebSocket operation: sendMessage completed
2026-02-22 08:08:45.827 [clientInboundChannel-5] DEBUG [] [] WEBSOCKET - WebSocket operation: typingIndicator started
2026-02-22 08:08:45.829 [clientInboundChannel-5] DEBUG [] [] WEBSOCKET - WebSocket operation: typingIndicator completed
2026-02-22 08:08:46.012 [clientInboundChannel-9] DEBUG [] [] WEBSOCKET - WebSocket operation: typingIndicator started
2026-02-22 08:08:46.012 [clientInboundChannel-9] DEBUG [] [] WEBSOCKET - WebSocket operation: typingIndicator completed
2026-02-22 08:08:46.066 [clientInboundChannel-10] DEBUG [] [] WEBSOCKET - WebSocket operation: typingIndicator started
2026-02-22 08:08:46.066 [clientInboundChannel-10] DEBUG [] [] WEBSOCKET - WebSocket operation: typingIndicator completed
2026-02-22 08:08:46.186 [clientInboundChannel-13] DEBUG [] [] WEBSOCKET - WebSocket operation: typingIndicator started
2026-02-22 08:08:46.187 [clientInboundChannel-13] DEBUG [] [] WEBSOCKET - WebSocket operation: typingIndicator completed
2026-02-22 08:08:46.353 [clientInboundChannel-16] DEBUG [] [] WEBSOCKET - WebSocket operation: typingIndicator started
2026-02-22 08:08:46.353 [clientInboundChannel-16] DEBUG [] [] WEBSOCKET - WebSocket operation: typingIndicator completed
2026-02-22 08:08:46.428 [clientInboundChannel-2] DEBUG [] [] WEBSOCKET - WebSocket operation: typingIndicator started
2026-02-22 08:08:46.428 [clientInboundChannel-2] DEBUG [] [] WEBSOCKET - WebSocket operation: typingIndicator completed
2026-02-22 08:08:46.447 [clientInboundChannel-5] DEBUG [] [] WEBSOCKET - WebSocket operation: typingIndicator started
2026-02-22 08:08:46.448 [clientInboundChannel-5] DEBUG [] [] WEBSOCKET - WebSocket operation: typingIndicator completed
2026-02-22 08:08:46.548 [clientInboundChannel-9] DEBUG [] [] WEBSOCKET - WebSocket operation: typingIndicator started
2026-02-22 08:08:46.548 [clientInboundChannel-9] DEBUG [] [] WEBSOCKET - WebSocket operation: typingIndicator completed
2026-02-22 08:08:46.670 [clientInboundChannel-10] DEBUG [] [] WEBSOCKET - WebSocket operation: typingIndicator started
2026-02-22 08:08:46.671 [clientInboundChannel-10] DEBUG [] [] WEBSOCKET - WebSocket operation: typingIndicator completed
2026-02-22 08:08:46.829 [clientInboundChannel-13] DEBUG [] [] WEBSOCKET - WebSocket operation: typingIndicator started
2026-02-22 08:08:46.829 [clientInboundChannel-13] DEBUG [] [] WEBSOCKET - WebSocket operation: typingIndicator completed
2026-02-22 08:08:46.833 [clientInboundChannel-16] DEBUG [] [] WEBSOCKET - WebSocket operation: typingIndicator started
2026-02-22 08:08:46.833 [clientInboundChannel-16] DEBUG [] [] WEBSOCKET - WebSocket operation: typingIndicator completed
2026-02-22 08:08:47.499 [clientInboundChannel-5] DEBUG [] [] WEBSOCKET - WebSocket operation: typingIndicator started
2026-02-22 08:08:47.499 [clientInboundChannel-2] DEBUG [] [] WEBSOCKET - WebSocket operation: sendMessage started
2026-02-22 08:08:47.499 [clientInboundChannel-5] DEBUG [] [] WEBSOCKET - WebSocket operation: typingIndicator completed
2026-02-22 08:08:47.514 [clientInboundChannel-2] DEBUG [] [] WEBSOCKET - WebSocket operation: sendMessage completed
2026-02-22 08:08:55.477 [clientInboundChannel-16] DEBUG [] [] WEBSOCKET - WebSocket operation: typingIndicator started
2026-02-22 08:08:55.478 [clientInboundChannel-16] DEBUG [] [] WEBSOCKET - WebSocket operation: typingIndicator completed
2026-02-22 08:08:55.516 [clientInboundChannel-11] DEBUG [] [] WEBSOCKET - WebSocket operation: typingIndicator started
2026-02-22 08:08:55.517 [clientInboundChannel-11] DEBUG [] [] WEBSOCKET - WebSocket operation: typingIndicator completed
2026-02-22 08:08:55.603 [clientInboundChannel-2] DEBUG [] [] WEBSOCKET - WebSocket operation: typingIndicator started
2026-02-22 08:08:55.604 [clientInboundChannel-2] DEBUG [] [] WEBSOCKET - WebSocket operation: typingIndicator completed
2026-02-22 08:08:55.651 [clientInboundChannel-3] DEBUG [] [] WEBSOCKET - WebSocket operation: typingIndicator started
2026-02-22 08:08:55.651 [clientInboundChannel-3] DEBUG [] [] WEBSOCKET - WebSocket operation: typingIndicator completed
2026-02-22 08:08:55.851 [clientInboundChannel-1] DEBUG [] [] WEBSOCKET - WebSocket operation: typingIndicator started
2026-02-22 08:08:55.851 [clientInboundChannel-1] DEBUG [] [] WEBSOCKET - WebSocket operation: typingIndicator completed
2026-02-22 08:08:55.938 [clientInboundChannel-6] DEBUG [] [] WEBSOCKET - WebSocket operation: typingIndicator started
2026-02-22 08:08:55.938 [clientInboundChannel-6] DEBUG [] [] WEBSOCKET - WebSocket operation: typingIndicator completed
2026-02-22 08:08:56.005 [clientInboundChannel-16] DEBUG [] [] WEBSOCKET - WebSocket operation: typingIndicator started
2026-02-22 08:08:56.008 [clientInboundChannel-16] DEBUG [] [] WEBSOCKET - WebSocket operation: typingIndicator completed
2026-02-22 08:08:56.066 [clientInboundChannel-11] DEBUG [] [] WEBSOCKET - WebSocket operation: typingIndicator started
2026-02-22 08:08:56.067 [clientInboundChannel-11] DEBUG [] [] WEBSOCKET - WebSocket operation: typingIndicator completed
2026-02-22 08:08:56.274 [clientInboundChannel-2] DEBUG [] [] WEBSOCKET - WebSocket operation: typingIndicator started
2026-02-22 08:08:56.275 [clientInboundChannel-2] DEBUG [] [] WEBSOCKET - WebSocket operation: typingIndicator completed
2026-02-22 08:08:56.413 [clientInboundChannel-3] DEBUG [] [] WEBSOCKET - WebSocket operation: typingIndicator started
2026-02-22 08:08:56.413 [clientInboundChannel-3] DEBUG [] [] WEBSOCKET - WebSocket operation: typingIndicator completed
2026-02-22 08:08:59.415 [clientInboundChannel-1] DEBUG [] [] WEBSOCKET - WebSocket operation: typingIndicator started
2026-02-22 08:08:59.415 [clientInboundChannel-1] DEBUG [] [] WEBSOCKET - WebSocket operation: typingIndicator completed
2026-02-22 08:10:52.100 [clientInboundChannel-19] DEBUG [] [] WEBSOCKET - WebSocket operation: typingIndicator started
2026-02-22 08:10:52.101 [clientInboundChannel-19] DEBUG [] [] WEBSOCKET - WebSocket operation: typingIndicator completed
2026-02-22 08:10:52.603 [clientInboundChannel-22] DEBUG [] [] WEBSOCKET - WebSocket operation: typingIndicator started
2026-02-22 08:10:52.603 [clientInboundChannel-22] DEBUG [] [] WEBSOCKET - WebSocket operation: typingIndicator completed
2026-02-22 08:10:52.793 [clientInboundChannel-28] DEBUG [] [] WEBSOCKET - WebSocket operation: typingIndicator started
2026-02-22 08:10:52.793 [clientInboundChannel-25] DEBUG [] [] WEBSOCKET - WebSocket operation: sendMessage started
2026-02-22 08:10:52.793 [clientInboundChannel-28] DEBUG [] [] WEBSOCKET - WebSocket operation: typingIndicator completed
2026-02-22 08:10:52.807 [clientInboundChannel-25] DEBUG [] [] WEBSOCKET - WebSocket operation: sendMessage completed
2026-02-22 08:11:59.129 [clientInboundChannel-27] DEBUG [] [] WEBSOCKET - WebSocket operation: userConnected started
2026-02-22 08:11:59.131 [clientInboundChannel-27] DEBUG [] [] WEBSOCKET - WebSocket operation: userConnected completed
2026-02-22 08:12:54.613 [clientInboundChannel-39] DEBUG [] [] WEBSOCKET - WebSocket operation: userConnected started
2026-02-22 08:12:54.616 [clientInboundChannel-39] DEBUG [] [] WEBSOCKET - WebSocket operation: userConnected completed
2026-02-22 09:58:10.549 [clientInboundChannel-4] DEBUG [] [] WEBSOCKET - WebSocket operation: userConnected started
2026-02-22 09:58:10.560 [clientInboundChannel-4] DEBUG [] [] WEBSOCKET - WebSocket operation: userConnected completed
2026-02-22 09:58:21.567 [clientInboundChannel-13] DEBUG [] [] WEBSOCKET - WebSocket operation: typingIndicator started
2026-02-22 09:58:21.571 [clientInboundChannel-13] DEBUG [] [] WEBSOCKET - WebSocket operation: typingIndicator completed
2026-02-22 09:58:21.610 [clientInboundChannel-16] DEBUG [] [] WEBSOCKET - WebSocket operation: typingIndicator started
2026-02-22 09:58:21.613 [clientInboundChannel-16] DEBUG [] [] WEBSOCKET - WebSocket operation: typingIndicator completed
2026-02-22 09:58:21.730 [clientInboundChannel-3] DEBUG [] [] WEBSOCKET - WebSocket operation: typingIndicator started
2026-02-22 09:58:21.730 [clientInboundChannel-3] DEBUG [] [] WEBSOCKET - WebSocket operation: typingIndicator completed
2026-02-22 09:58:21.764 [clientInboundChannel-4] DEBUG [] [] WEBSOCKET - WebSocket operation: typingIndicator started
2026-02-22 09:58:21.764 [clientInboundChannel-4] DEBUG [] [] WEBSOCKET - WebSocket operation: typingIndicator completed
2026-02-22 09:58:21.870 [clientInboundChannel-8] DEBUG [] [] WEBSOCKET - WebSocket operation: typingIndicator started
2026-02-22 09:58:21.872 [clientInboundChannel-8] DEBUG [] [] WEBSOCKET - WebSocket operation: typingIndicator completed
2026-02-22 09:58:22.024 [clientInboundChannel-10] DEBUG [] [] WEBSOCKET - WebSocket operation: typingIndicator started
2026-02-22 09:58:22.025 [clientInboundChannel-10] DEBUG [] [] WEBSOCKET - WebSocket operation: typingIndicator completed
2026-02-22 09:58:22.164 [clientInboundChannel-13] DEBUG [] [] WEBSOCKET - WebSocket operation: typingIndicator started
2026-02-22 09:58:22.165 [clientInboundChannel-13] DEBUG [] [] WEBSOCKET - WebSocket operation: typingIndicator completed
2026-02-22 09:58:22.471 [clientInboundChannel-6] DEBUG [] [] WEBSOCKET - WebSocket operation: typingIndicator started
2026-02-22 09:58:22.472 [clientInboundChannel-6] DEBUG [] [] WEBSOCKET - WebSocket operation: typingIndicator completed
2026-02-22 09:58:22.474 [clientInboundChannel-16] DEBUG [] [] WEBSOCKET - WebSocket operation: sendMessage started
2026-02-22 09:58:22.533 [clientInboundChannel-16] DEBUG [] [] WEBSOCKET - WebSocket operation: sendMessage completed
2026-02-22 10:00:27.280 [clientInboundChannel-29] DEBUG [] [] WEBSOCKET - WebSocket operation: userConnected started
2026-02-22 10:00:27.283 [clientInboundChannel-29] DEBUG [] [] WEBSOCKET - WebSocket operation: userConnected completed
2026-02-22 11:07:14.700 [clientInboundChannel-42] DEBUG [] [] WEBSOCKET - WebSocket operation: sendMessage started
2026-02-22 11:07:14.808 [clientInboundChannel-42] DEBUG [] [] WEBSOCKET - WebSocket operation: sendMessage completed
2026-02-22 11:59:12.531 [clientInboundChannel-4] DEBUG [] [] WEBSOCKET - WebSocket operation: userConnected started
2026-02-22 11:59:12.669 [clientInboundChannel-4] DEBUG [] [] WEBSOCKET - WebSocket operation: userConnected completed
2026-02-22 12:02:16.586 [clientInboundChannel-7] DEBUG [] [] WEBSOCKET - WebSocket operation: typingIndicator started
2026-02-22 12:02:16.586 [clientInboundChannel-10] DEBUG [] [] WEBSOCKET - WebSocket operation: typingIndicator started
2026-02-22 12:02:16.588 [clientInboundChannel-7] DEBUG [] [] WEBSOCKET - WebSocket operation: typingIndicator completed
2026-02-22 12:02:16.588 [clientInboundChannel-10] DEBUG [] [] WEBSOCKET - WebSocket operation: typingIndicator completed
2026-02-22 12:02:16.734 [clientInboundChannel-13] DEBUG [] [] WEBSOCKET - WebSocket operation: typingIndicator started
2026-02-22 12:02:16.735 [clientInboundChannel-13] DEBUG [] [] WEBSOCKET - WebSocket operation: typingIndicator completed
2026-02-22 12:02:16.754 [clientInboundChannel-16] DEBUG [] [] WEBSOCKET - WebSocket operation: typingIndicator started
2026-02-22 12:02:16.754 [clientInboundChannel-16] DEBUG [] [] WEBSOCKET - WebSocket operation: typingIndicator completed
2026-02-22 12:02:16.963 [clientInboundChannel-19] DEBUG [] [] WEBSOCKET - WebSocket operation: typingIndicator started
2026-02-22 12:02:16.963 [clientInboundChannel-19] DEBUG [] [] WEBSOCKET - WebSocket operation: typingIndicator completed
2026-02-22 12:02:16.995 [clientInboundChannel-22] DEBUG [] [] WEBSOCKET - WebSocket operation: typingIndicator started
2026-02-22 12:02:16.996 [clientInboundChannel-22] DEBUG [] [] WEBSOCKET - WebSocket operation: typingIndicator completed
2026-02-22 12:02:17.115 [clientInboundChannel-11] DEBUG [] [] WEBSOCKET - WebSocket operation: typingIndicator started
2026-02-22 12:02:17.116 [clientInboundChannel-11] DEBUG [] [] WEBSOCKET - WebSocket operation: typingIndicator completed
2026-02-22 12:02:17.149 [clientInboundChannel-10] DEBUG [] [] WEBSOCKET - WebSocket operation: typingIndicator started
2026-02-22 12:02:17.150 [clientInboundChannel-10] DEBUG [] [] WEBSOCKET - WebSocket operation: typingIndicator completed
2026-02-22 12:02:17.356 [clientInboundChannel-13] DEBUG [] [] WEBSOCKET - WebSocket operation: typingIndicator started
2026-02-22 12:02:17.357 [clientInboundChannel-13] DEBUG [] [] WEBSOCKET - WebSocket operation: typingIndicator completed
2026-02-22 12:02:17.377 [clientInboundChannel-16] DEBUG [] [] WEBSOCKET - WebSocket operation: typingIndicator started
2026-02-22 12:02:17.378 [clientInboundChannel-16] DEBUG [] [] WEBSOCKET - WebSocket operation: typingIndicator completed
2026-02-22 12:02:17.517 [clientInboundChannel-19] DEBUG [] [] WEBSOCKET - WebSocket operation: typingIndicator started
2026-02-22 12:02:17.518 [clientInboundChannel-19] DEBUG [] [] WEBSOCKET - WebSocket operation: typingIndicator completed
2026-02-22 12:02:17.572 [clientInboundChannel-22] DEBUG [] [] WEBSOCKET - WebSocket operation: typingIndicator started
2026-02-22 12:02:17.572 [clientInboundChannel-22] DEBUG [] [] WEBSOCKET - WebSocket operation: typingIndicator completed
2026-02-22 12:02:18.106 [clientInboundChannel-10] DEBUG [] [] WEBSOCKET - WebSocket operation: typingIndicator started
2026-02-22 12:02:18.106 [clientInboundChannel-10] DEBUG [] [] WEBSOCKET - WebSocket operation: typingIndicator completed
2026-02-22 12:02:18.108 [clientInboundChannel-11] DEBUG [] [] WEBSOCKET - WebSocket operation: sendMessage started
2026-02-22 12:02:18.195 [clientInboundChannel-11] DEBUG [] [] WEBSOCKET - WebSocket operation: sendMessage completed
2026-02-22 12:07:43.572 [clientInboundChannel-4] DEBUG [] [] WEBSOCKET - WebSocket operation: userConnected started
2026-02-22 12:07:43.589 [clientInboundChannel-4] DEBUG [] [] WEBSOCKET - WebSocket operation: userConnected completed
2026-02-22 12:09:38.835 [clientInboundChannel-20] DEBUG [] [] WEBSOCKET - WebSocket operation: userConnected started
2026-02-22 12:09:38.838 [clientInboundChannel-20] DEBUG [] [] WEBSOCKET - WebSocket operation: userConnected completed
2026-02-22 12:09:39.039 [clientInboundChannel-29] DEBUG [] [] WEBSOCKET - WebSocket operation: userConnected started
2026-02-22 12:09:39.042 [clientInboundChannel-29] DEBUG [] [] WEBSOCKET - WebSocket operation: userConnected completed
2026-02-22 12:10:50.749 [clientInboundChannel-38] DEBUG [] [] WEBSOCKET - WebSocket operation: userConnected started
2026-02-22 12:10:50.752 [clientInboundChannel-38] DEBUG [] [] WEBSOCKET - WebSocket operation: userConnected completed
2026-02-22 12:10:56.393 [clientInboundChannel-47] DEBUG [] [] WEBSOCKET - WebSocket operation: userConnected started
2026-02-22 12:10:56.397 [clientInboundChannel-47] DEBUG [] [] WEBSOCKET - WebSocket operation: userConnected completed
2026-02-22 12:11:36.452 [clientInboundChannel-45] DEBUG [] [] WEBSOCKET - WebSocket operation: userConnected started
2026-02-22 12:11:36.455 [clientInboundChannel-45] DEBUG [] [] WEBSOCKET - WebSocket operation: userConnected completed
2026-02-22 12:11:50.525 [clientInboundChannel-48] DEBUG [] [] WEBSOCKET - WebSocket operation: typingIndicator started
2026-02-22 12:11:50.526 [clientInboundChannel-48] DEBUG [] [] WEBSOCKET - WebSocket operation: typingIndicator completed
2026-02-22 12:11:50.595 [clientInboundChannel-44] DEBUG [] [] WEBSOCKET - WebSocket operation: typingIndicator started
2026-02-22 12:11:50.595 [clientInboundChannel-44] DEBUG [] [] WEBSOCKET - WebSocket operation: typingIndicator completed
2026-02-22 12:11:50.708 [clientInboundChannel-45] DEBUG [] [] WEBSOCKET - WebSocket operation: typingIndicator started
2026-02-22 12:11:50.708 [clientInboundChannel-45] DEBUG [] [] WEBSOCKET - WebSocket operation: typingIndicator completed
2026-02-22 12:11:50.768 [clientInboundChannel-49] DEBUG [] [] WEBSOCKET - WebSocket operation: typingIndicator started
2026-02-22 12:11:50.769 [clientInboundChannel-49] DEBUG [] [] WEBSOCKET - WebSocket operation: typingIndicator completed
2026-02-22 12:11:50.883 [clientInboundChannel-39] DEBUG [] [] WEBSOCKET - WebSocket operation: typingIndicator started
2026-02-22 12:11:50.884 [clientInboundChannel-39] DEBUG [] [] WEBSOCKET - WebSocket operation: typingIndicator completed
2026-02-22 12:11:50.989 [clientInboundChannel-36] DEBUG [] [] WEBSOCKET - WebSocket operation: typingIndicator started
2026-02-22 12:11:50.990 [clientInboundChannel-36] DEBUG [] [] WEBSOCKET - WebSocket operation: typingIndicator completed
2026-02-22 12:11:51.130 [clientInboundChannel-48] DEBUG [] [] WEBSOCKET - WebSocket operation: typingIndicator started
2026-02-22 12:11:51.130 [clientInboundChannel-48] DEBUG [] [] WEBSOCKET - WebSocket operation: typingIndicator completed
2026-02-22 12:11:51.728 [clientInboundChannel-44] DEBUG [] [] WEBSOCKET - WebSocket operation: typingIndicator started
2026-02-22 12:11:51.728 [clientInboundChannel-44] DEBUG [] [] WEBSOCKET - WebSocket operation: typingIndicator completed
2026-02-22 12:11:52.093 [clientInboundChannel-49] DEBUG [] [] WEBSOCKET - WebSocket operation: typingIndicator started
2026-02-22 12:11:52.094 [clientInboundChannel-49] DEBUG [] [] WEBSOCKET - WebSocket operation: typingIndicator completed
2026-02-22 12:11:52.096 [clientInboundChannel-45] DEBUG [] [] WEBSOCKET - WebSocket operation: sendMessage started
2026-02-22 12:11:52.130 [clientInboundChannel-45] DEBUG [] [] WEBSOCKET - WebSocket operation: sendMessage completed
2026-02-22 12:12:05.896 [clientInboundChannel-41] DEBUG [] [] WEBSOCKET - WebSocket operation: userConnected started
2026-02-22 12:12:05.908 [clientInboundChannel-41] DEBUG [] [] WEBSOCKET - WebSocket operation: userConnected completed
2026-02-22 12:12:25.401 [clientInboundChannel-46] DEBUG [] [] WEBSOCKET - WebSocket operation: userConnected started
2026-02-22 12:12:25.403 [clientInboundChannel-46] DEBUG [] [] WEBSOCKET - WebSocket operation: userConnected completed
2026-02-22 12:12:41.928 [clientInboundChannel-50] DEBUG [] [] WEBSOCKET - WebSocket operation: userConnected started
2026-02-22 12:12:41.930 [clientInboundChannel-50] DEBUG [] [] WEBSOCKET - WebSocket operation: userConnected completed
2026-02-22 12:12:52.439 [clientInboundChannel-42] DEBUG [] [] WEBSOCKET - WebSocket operation: markAsRead started
2026-02-22 12:12:52.449 [clientInboundChannel-42] DEBUG [] [] WEBSOCKET - WebSocket operation: markAsRead completed
2026-02-22 12:12:57.843 [clientInboundChannel-48] DEBUG [] [] WEBSOCKET - WebSocket operation: joinConference started
2026-02-22 12:12:57.858 [clientInboundChannel-48] DEBUG [] [] WEBSOCKET - WebSocket operation: joinConference completed
2026-02-22 12:13:19.541 [clientInboundChannel-46] DEBUG [] [] WEBSOCKET - WebSocket operation: userConnected started
2026-02-22 12:13:19.544 [clientInboundChannel-46] DEBUG [] [] WEBSOCKET - WebSocket operation: userConnected completed
2026-02-22 12:13:28.919 [clientInboundChannel-48] DEBUG [] [] WEBSOCKET - WebSocket operation: userConnected started
2026-02-22 12:13:28.921 [clientInboundChannel-48] DEBUG [] [] WEBSOCKET - WebSocket operation: userConnected completed
2026-02-22 12:13:42.067 [clientInboundChannel-51] DEBUG [] [] WEBSOCKET - WebSocket operation: userConnected started
2026-02-22 12:13:42.070 [clientInboundChannel-51] DEBUG [] [] WEBSOCKET - WebSocket operation: userConnected completed
2026-02-22 12:13:47.310 [clientInboundChannel-48] DEBUG [] [] WEBSOCKET - WebSocket operation: userConnected started
2026-02-22 12:13:47.313 [clientInboundChannel-48] DEBUG [] [] WEBSOCKET - WebSocket operation: userConnected completed
2026-02-22 12:13:53.979 [clientInboundChannel-44] DEBUG [] [] WEBSOCKET - WebSocket operation: userConnected started
2026-02-22 12:13:53.982 [clientInboundChannel-44] DEBUG [] [] WEBSOCKET - WebSocket operation: userConnected completed
2026-02-22 12:13:58.349 [clientInboundChannel-48] DEBUG [] [] WEBSOCKET - WebSocket operation: userConnected started
2026-02-22 12:13:58.351 [clientInboundChannel-48] DEBUG [] [] WEBSOCKET - WebSocket operation: userConnected completed
2026-02-22 12:14:00.483 [clientInboundChannel-44] DEBUG [] [] WEBSOCKET - WebSocket operation: userConnected started
2026-02-22 12:14:00.486 [clientInboundChannel-44] DEBUG [] [] WEBSOCKET - WebSocket operation: userConnected completed
2026-02-22 12:14:40.872 [clientInboundChannel-54] DEBUG [] [] WEBSOCKET - WebSocket operation: userConnected started
2026-02-22 12:14:40.875 [clientInboundChannel-54] DEBUG [] [] WEBSOCKET - WebSocket operation: userConnected completed
2026-02-22 12:14:50.793 [clientInboundChannel-44] DEBUG [] [] WEBSOCKET - WebSocket operation: userConnected started
2026-02-22 12:14:50.795 [clientInboundChannel-44] DEBUG [] [] WEBSOCKET - WebSocket operation: userConnected completed
2026-02-22 12:14:52.334 [clientInboundChannel-54] DEBUG [] [] WEBSOCKET - WebSocket operation: userConnected started
2026-02-22 12:14:52.336 [clientInboundChannel-54] DEBUG [] [] WEBSOCKET - WebSocket operation: userConnected completed
2026-02-22 12:15:41.235 [clientInboundChannel-51] DEBUG [] [] WEBSOCKET - WebSocket operation: userConnected started
2026-02-22 12:15:41.238 [clientInboundChannel-51] DEBUG [] [] WEBSOCKET - WebSocket operation: userConnected completed
2026-02-22 19:02:29.496 [clientInboundChannel-4] DEBUG [] [] WEBSOCKET - WebSocket operation: userConnected started
2026-02-22 19:02:29.515 [clientInboundChannel-4] DEBUG [] [] WEBSOCKET - WebSocket operation: userConnected completed
2026-02-22 19:02:33.192 [clientInboundChannel-13] DEBUG [] [] WEBSOCKET - WebSocket operation: typingIndicator started
2026-02-22 19:02:33.194 [clientInboundChannel-13] DEBUG [] [] WEBSOCKET - WebSocket operation: typingIndicator completed
2026-02-22 19:02:33.355 [clientInboundChannel-16] DEBUG [] [] WEBSOCKET - WebSocket operation: typingIndicator started
2026-02-22 19:02:33.360 [clientInboundChannel-16] DEBUG [] [] WEBSOCKET - WebSocket operation: typingIndicator completed
2026-02-22 19:02:33.395 [clientInboundChannel-3] DEBUG [] [] WEBSOCKET - WebSocket operation: typingIndicator started
2026-02-22 19:02:33.396 [clientInboundChannel-3] DEBUG [] [] WEBSOCKET - WebSocket operation: typingIndicator completed
2026-02-22 19:02:33.602 [clientInboundChannel-4] DEBUG [] [] WEBSOCKET - WebSocket operation: typingIndicator started
2026-02-22 19:02:33.603 [clientInboundChannel-4] DEBUG [] [] WEBSOCKET - WebSocket operation: typingIndicator completed
2026-02-22 19:02:33.749 [clientInboundChannel-8] DEBUG [] [] WEBSOCKET - WebSocket operation: typingIndicator started
2026-02-22 19:02:33.749 [clientInboundChannel-8] DEBUG [] [] WEBSOCKET - WebSocket operation: typingIndicator completed
2026-02-22 19:02:33.856 [clientInboundChannel-12] DEBUG [] [] WEBSOCKET - WebSocket operation: typingIndicator started
2026-02-22 19:02:33.856 [clientInboundChannel-12] DEBUG [] [] WEBSOCKET - WebSocket operation: typingIndicator completed
2026-02-22 19:02:34.056 [clientInboundChannel-13] DEBUG [] [] WEBSOCKET - WebSocket operation: typingIndicator started
2026-02-22 19:02:34.057 [clientInboundChannel-13] DEBUG [] [] WEBSOCKET - WebSocket operation: typingIndicator completed
2026-02-22 19:02:34.349 [clientInboundChannel-16] DEBUG [] [] WEBSOCKET - WebSocket operation: typingIndicator started
2026-02-22 19:02:34.350 [clientInboundChannel-16] DEBUG [] [] WEBSOCKET - WebSocket operation: typingIndicator completed
2026-02-22 19:02:35.302 [clientInboundChannel-9] DEBUG [] [] WEBSOCKET - WebSocket operation: typingIndicator started
2026-02-22 19:02:35.303 [clientInboundChannel-9] DEBUG [] [] WEBSOCKET - WebSocket operation: typingIndicator completed
2026-02-22 19:02:35.304 [clientInboundChannel-3] DEBUG [] [] WEBSOCKET - WebSocket operation: sendMessage started
2026-02-22 19:02:35.376 [clientInboundChannel-3] DEBUG [] [] WEBSOCKET - WebSocket operation: sendMessage completed
2026-02-22 19:02:37.329 [clientInboundChannel-16] DEBUG [] [] WEBSOCKET - WebSocket operation: markAsRead started
2026-02-22 19:02:37.342 [clientInboundChannel-16] DEBUG [] [] WEBSOCKET - WebSocket operation: markAsRead completed
2026-02-22 19:02:56.859 [clientInboundChannel-3] DEBUG [] [] WEBSOCKET - WebSocket operation: joinConference started
2026-02-22 19:02:56.880 [clientInboundChannel-3] DEBUG [] [] WEBSOCKET - WebSocket operation: joinConference completed
2026-02-22 19:03:22.205 [clientInboundChannel-6] DEBUG [] [] WEBSOCKET - WebSocket operation: userConnected started
2026-02-22 19:03:22.215 [clientInboundChannel-6] DEBUG [] [] WEBSOCKET - WebSocket operation: userConnected completed
2026-02-22 19:03:42.793 [clientInboundChannel-20] DEBUG [] [] WEBSOCKET - WebSocket operation: userConnected started
2026-02-22 19:03:42.796 [clientInboundChannel-20] DEBUG [] [] WEBSOCKET - WebSocket operation: userConnected completed
2026-02-22 19:03:50.358 [clientInboundChannel-8] DEBUG [] [] WEBSOCKET - WebSocket operation: markAsRead started
2026-02-22 19:03:50.383 [clientInboundChannel-8] DEBUG [] [] WEBSOCKET - WebSocket operation: markAsRead completed
2026-02-22 19:03:52.713 [clientInboundChannel-10] DEBUG [] [] WEBSOCKET - WebSocket operation: markAsRead started
2026-02-22 19:03:52.721 [clientInboundChannel-10] DEBUG [] [] WEBSOCKET - WebSocket operation: markAsRead completed
2026-02-22 19:04:04.347 [clientInboundChannel-1] DEBUG [] [] WEBSOCKET - WebSocket operation: joinConference started
2026-02-22 19:04:04.357 [clientInboundChannel-1] DEBUG [] [] WEBSOCKET - WebSocket operation: joinConference completed
2026-02-22 19:04:08.445 [clientInboundChannel-17] DEBUG [] [] WEBSOCKET - WebSocket operation: joinConference started
2026-02-22 19:04:08.455 [clientInboundChannel-17] DEBUG [] [] WEBSOCKET - WebSocket operation: joinConference completed
2026-02-22 19:05:05.063 [clientInboundChannel-21] DEBUG [] [] WEBSOCKET - WebSocket operation: markAsRead started
2026-02-22 19:05:05.073 [clientInboundChannel-21] DEBUG [] [] WEBSOCKET - WebSocket operation: markAsRead completed
2026-02-22 19:05:09.831 [clientInboundChannel-21] DEBUG [] [] WEBSOCKET - WebSocket operation: joinConference started
2026-02-22 19:05:09.839 [clientInboundChannel-21] DEBUG [] [] WEBSOCKET - WebSocket operation: joinConference completed
2026-02-22 19:05:10.755 [clientInboundChannel-30] DEBUG [] [] WEBSOCKET - WebSocket operation: joinConference started
2026-02-22 19:05:10.767 [clientInboundChannel-30] DEBUG [] [] WEBSOCKET - WebSocket operation: joinConference completed
2026-02-22 19:05:21.431 [clientInboundChannel-29] DEBUG [] [] WEBSOCKET - WebSocket operation: markAsRead started
2026-02-22 19:05:21.448 [clientInboundChannel-29] DEBUG [] [] WEBSOCKET - WebSocket operation: markAsRead completed
